2022-06-01 12:12:13|   0.0|  0.0|INFORM|FME 2020.2.2.0 (20210111 - Build 20817 - WIN64)
2022-06-01 12:12:13|   0.0|  0.0|INFORM|FME_HOME is 'C:\Program Files\FME_2020\'
2022-06-01 12:12:13|   0.0|  0.0|INFORM|FME ArcGIS Data Interop Edition (node locked-crc)
2022-06-01 12:12:13|   0.0|  0.0|INFORM|Serial Number: CUB8-CJ9J-16A3
2022-06-01 12:12:13|   0.0|  0.0|INFORM|Permanent License.
2022-06-01 12:12:13|   0.0|  0.0|INFORM|Machine host name is: DESKTOP-B8NSRQR
2022-06-01 12:12:13|   0.0|  0.0|INFORM|START - ProcessID: 28000, peak process memory usage: 37812 kB, current process memory usage: 37708 kB
2022-06-01 12:12:13|   0.0|  0.0|INFORM|FME Configuration: Command line arguments are `C:\Program Files\FME_2020\fme.exe' `F:/current_work/projects/metro_3d/metro3d_terrain/tools/fme\wb-xlate-1654099931149_28524' `LOG_STANDARDOUT' `YES' `LogCountServerName' `{af5aecec-a747-4459-968a-9ce31a3c6041}'
2022-06-01 12:12:13|   0.0|  0.0|INFORM|FME Configuration: Connection Storage: 'C:\Users\pbcote\AppData\Roaming\Safe Software\FME\'
2022-06-01 12:12:13|   0.6|  0.6|INFORM|Shared folders for formats are : C:\Program Files\FME_2020\datasources;C:\Users\pbcote\Documents\FME\Formats
2022-06-01 12:12:13|   0.6|  0.0|INFORM|Shared folders for transformers are : C:\Users\pbcote\AppData\Roaming\Safe Software\FME\Packages\20817-win64\transformers;C:\Program Files\FME_2020\transformers;C:\Users\pbcote\AppData\Roaming\Safe Software\FME\FME Store\Transformers
2022-06-01 12:12:13|   0.6|  0.0|INFORM|Shared folders for coordinate systems are : C:\Users\pbcote\Documents\FME\CoordinateSystems
2022-06-01 12:12:13|   0.6|  0.0|INFORM|Shared folders for coordinate system exceptions are : C:\Users\pbcote\Documents\FME\CoordinateSystemExceptions
2022-06-01 12:12:13|   0.6|  0.0|INFORM|Shared folders for coordinate system grid overrides are : C:\Users\pbcote\Documents\FME\CoordinateSystemGridOverrides
2022-06-01 12:12:13|   0.6|  0.0|INFORM|Shared folders for CS-MAP transformation exceptions are : C:\Users\pbcote\Documents\FME\CsmapTransformationExceptions
2022-06-01 12:12:13|   0.6|  0.0|INFORM|Shared folders for transformer categories are : C:\Users\pbcote\Documents\FME\TransformerCategories
2022-06-01 12:12:13|   0.6|  0.0|INFORM|FME Configuration: Reader Keyword is `MULTI_READER'
2022-06-01 12:12:13|   0.6|  0.0|INFORM|FME Configuration: Writer Keyword is `NULL_DEST'
2022-06-01 12:12:13|   0.6|  0.0|INFORM|FME Configuration: Writer Group Definition Keyword is `NULL_DEST_DEF'
2022-06-01 12:12:13|   0.6|  0.0|INFORM|FME Configuration: Reader type is `MULTI_READER'
2022-06-01 12:12:13|   0.6|  0.0|INFORM|FME Configuration: Writer type is `NULL'
2022-06-01 12:12:13|   0.6|  0.0|INFORM|FME Configuration: No destination coordinate system set
2022-06-01 12:12:13|   0.6|  0.0|INFORM|FME Configuration: Current working folder is `F:\current_work\projects\metro_3d\metro3d_terrain\tools\fme'
2022-06-01 12:12:13|   0.6|  0.0|INFORM|FME Configuration: Temporary folder is `C:\Users\pbcote\AppData\Local\Temp\wbrun_1654098415618_28524\fmetmp_5', set from environment variable `FME_TEMP'
2022-06-01 12:12:13|   0.6|  0.0|INFORM|FME Configuration: FME_HOME is `C:\Program Files\FME_2020\'
2022-06-01 12:12:13|   0.6|  0.0|INFORM|FME Configuration: FME_BASE is 'no'
2022-06-01 12:12:13|   0.6|  0.0|INFORM|FME Configuration: FME_MF_DIR is 'F:\current_work\projects\metro_3d\metro3d_terrain\tools\fme/'
2022-06-01 12:12:13|   0.6|  0.0|INFORM|FME Configuration: FME_MF_NAME is 'Batch_Terrain_OBJ_Worksheet_Runner.fmw'
2022-06-01 12:12:13|   0.6|  0.0|INFORM|FME Configuration: FME_PRODUCT_NAME is 'FME(R) 2020.2.2.0'
2022-06-01 12:12:13|   0.6|  0.0|INFORM|System Status: 547.56 GB of disk space available in the FME temporary folder (C:\Users\pbcote\AppData\Local\Temp\wbrun_1654098415618_28524\fmetmp_5)
2022-06-01 12:12:13|   0.6|  0.0|INFORM|System Status: 23.90 GB of physical memory available
2022-06-01 12:12:13|   0.6|  0.0|INFORM|System Status: 95.62 GB of virtual memory available
2022-06-01 12:12:13|   0.6|  0.0|INFORM|Operating System: Microsoft Windows 10 64-bit  (Build 19041)
2022-06-01 12:12:13|   0.6|  0.0|INFORM|FME Platform: WIN64
2022-06-01 12:12:13|   0.6|  0.0|INFORM|Locale: en_US
2022-06-01 12:12:13|   0.6|  0.0|INFORM|System Encoding: windows-1252
2022-06-01 12:12:13|   0.6|  0.0|INFORM|FME Configuration: Start freeing memory when the process exceeds 71.71 GB
2022-06-01 12:12:13|   0.6|  0.0|INFORM|FME Configuration: Stop freeing memory when the process is below 53.79 GB
2022-06-01 12:12:13|   0.7|  0.0|INFORM|Creating writer for format: NULL (Nothing)
2022-06-01 12:12:13|   0.7|  0.0|INFORM|Trying to find a DYNAMIC plugin for writer named `NULL'
2022-06-01 12:12:13|   0.7|  0.0|INFORM|Loaded module 'NULL' from file 'C:\Program Files\FME_2020\plugins/NULL.dll'
2022-06-01 12:12:13|   0.7|  0.0|INFORM|FME API version of module 'NULL' matches current internal version (3.8 20200115)
2022-06-01 12:12:13|   0.7|  0.0|INFORM|Creating reader for format: 
2022-06-01 12:12:13|   0.7|  0.0|INFORM|MULTI_READER(MULTI_READER): Will fail with first member reader failure
2022-06-01 12:12:13|   0.7|  0.0|INFORM|MULTI_READER(MULTI_READER): Adding PATH Reader with keyword PATH_1
2022-06-01 12:12:13|   0.7|  0.0|INFORM|Using Multi Reader with keyword `MULTI_READER' to read multiple datasets
2022-06-01 12:12:13|   0.7|  0.0|INFORM|Creating reader for format: Directory and File Pathnames
2022-06-01 12:12:13|   0.7|  0.0|INFORM|Trying to find a DYNAMIC plugin for reader named `PATH'
2022-06-01 12:12:13|   0.7|  0.0|INFORM|Loaded module 'PATH' from file 'C:\Program Files\FME_2020\plugins/PATH.dll'
2022-06-01 12:12:13|   0.7|  0.0|INFORM|FME API version of module 'PATH' matches current internal version (3.8 20200115)
2022-06-01 12:12:13|   0.7|  0.0|INFORM|Path Reader: Opening the PATH Reader on folder 'F:\current_work\projects\metro_3d\metro3d_terrain\output\tiled_gis'
2022-06-01 12:12:13|   0.7|  0.0|INFORM|Path Reader: Using Glob Pattern '*'
2022-06-01 12:12:13|   0.7|  0.0|INFORM|Path Reader: Allowed Path Type set to 'ANY'
2022-06-01 12:12:13|   0.7|  0.0|INFORM|Path Reader: Recurse into subdirectories 'false'
2022-06-01 12:12:13|   0.7|  0.0|INFORM|Path Reader: Retrieve file properties 'false'
2022-06-01 12:12:13|   0.7|  0.0|INFORM|FME API version of module 'NULL' matches current internal version (3.8 20200115)
2022-06-01 12:12:13|   0.7|  0.0|INFORM|FME API version of module 'NULL' matches current internal version (3.8 20200115)
2022-06-01 12:12:13|   0.7|  0.0|INFORM|Loaded module 'LogCount_func' from file 'C:\Program Files\FME_2020\plugins/LogCount_func.dll'
2022-06-01 12:12:13|   0.7|  0.0|INFORM|FME API version of module 'LogCount_func' matches current internal version (3.8 20200115)
2022-06-01 12:12:13|   0.7|  0.0|INFORM|WorkspaceRunner: Command to run - `{${=F:/current_work/projects/metro_3d/metro3d_terrain/tools/fme/Draped_Terrain_OBJ.fmw=}} --Tile_Name {${=(BOS_G_3)=}} --tiled_datasets_folder {${=F:\current_work\projects\metro_3d\metro3d_terrain\output=}}'
2022-06-01 12:12:14|   0.8|  0.1|INFORM|WorkspaceRunner: Running FME with command line - `{"C:/Program Files/FME_2020/fme"} COMMAND_FILE {"C:/Users/pbcote/AppData/Local/Temp/wbrun_1654098415618_28524/fmetmp_5/wsr_cm_1654099933778_28000"} &'
2022-06-01 12:12:14|   0.8|  0.0|INFORM|WorkspaceRunner: Successfully initiated batch run of workspace `F:/current_work/projects/metro_3d/metro3d_terrain/tools/fme/Draped_Terrain_OBJ.fmw'
2022-06-01 12:12:14|   0.9|  0.0|INFORM|WorkspaceRunner_Summary: Feature is:
2022-06-01 12:12:14|   0.9|  0.0|INFORM|+++++++++++++++++++++++++++++++++++++++++++++++++++++++++++++++++++++++++++
2022-06-01 12:12:14|   0.9|  0.0|INFORM|Feature Type: `WorkspaceRunner_Summary_LOGGED'
2022-06-01 12:12:14|   0.9|  0.0|INFORM|Attribute(string)           : `_dirname' has value `.'
2022-06-01 12:12:14|   0.9|  0.0|INFORM|Attribute(string)           : `_dirpath' has value `'
2022-06-01 12:12:14|   0.9|  0.0|INFORM|Attribute(string)           : `_extension' has value `'
2022-06-01 12:12:14|   0.9|  0.0|INFORM|Attribute(string)           : `_filename' has value `BOS_G_3_GIS'
2022-06-01 12:12:14|   0.9|  0.0|INFORM|Attribute(string)           : `_rootname' has value `BOS_G_3_GIS'
2022-06-01 12:12:14|   0.9|  0.0|INFORM|Attribute(string)           : `fme_feature_type' has value `PATH'
2022-06-01 12:12:14|   0.9|  0.0|INFORM|Attribute(string)           : `fme_geometry' has value `fme_undefined'
2022-06-01 12:12:14|   0.9|  0.0|INFORM|Attribute(entangled: string): `fme_type' has value `fme_no_geom'
2022-06-01 12:12:14|   0.9|  0.0|INFORM|          entangled to path_geom
2022-06-01 12:12:14|   0.9|  0.0|INFORM|Attribute(string)           : `folder' has value `.'
2022-06-01 12:12:14|   0.9|  0.0|INFORM|Attribute(32 bit integer)   : `multi_reader_full_id' has value `0'
2022-06-01 12:12:14|   0.9|  0.0|INFORM|Attribute(32 bit integer)   : `multi_reader_id' has value `0'
2022-06-01 12:12:14|   0.9|  0.0|INFORM|Attribute(string)           : `multi_reader_keyword' has value `PATH_1'
2022-06-01 12:12:14|   0.9|  0.0|INFORM|Attribute(string)           : `multi_reader_type' has value `PATH'
2022-06-01 12:12:14|   0.9|  0.0|INFORM|Attribute(string)           : `path_directory_unix' has value `F:/current_work/projects/metro_3d/metro3d_terrain/output/tiled_gis/'
2022-06-01 12:12:14|   0.9|  0.0|INFORM|Attribute(string)           : `path_directory_windows' has value `F:\current_work\projects\metro_3d\metro3d_terrain\output\tiled_gis\'
2022-06-01 12:12:14|   0.9|  0.0|INFORM|Attribute(string)           : `path_extension' has value `'
2022-06-01 12:12:14|   0.9|  0.0|INFORM|Attribute(string)           : `path_filename' has value `BOS_G_3_GIS'
2022-06-01 12:12:14|   0.9|  0.0|INFORM|Attribute(string)           : `path_geom' has value `path_none'
2022-06-01 12:12:14|   0.9|  0.0|INFORM|Attribute(string)           : `path_rootname' has value `BOS_G_3_GIS'
2022-06-01 12:12:14|   0.9|  0.0|INFORM|Attribute(string)           : `path_type' has value `directory'
2022-06-01 12:12:14|   0.9|  0.0|INFORM|Attribute(string)           : `path_unix' has value `F:/current_work/projects/metro_3d/metro3d_terrain/output/tiled_gis/BOS_G_3_GIS'
2022-06-01 12:12:14|   0.9|  0.0|INFORM|Attribute(string)           : `path_windows' has value `F:\current_work\projects\metro_3d\metro3d_terrain\output\tiled_gis\BOS_G_3_GIS'
2022-06-01 12:12:14|   0.9|  0.0|INFORM|Attribute(encoded: UTF-8)   : `tile_name' has value `(BOS_G_3)'
2022-06-01 12:12:14|   0.9|  0.0|INFORM|Geometry Type: Unknown (0)
2022-06-01 12:12:14|   0.9|  0.0|INFORM|Number of Coordinates: 0 -- Coordinate System: `'
2022-06-01 12:12:14|   0.9|  0.0|INFORM|===========================================================================
2022-06-01 12:12:14|   0.9|  0.0|INFORM|WorkspaceRunner: Command to run - `{${=F:/current_work/projects/metro_3d/metro3d_terrain/tools/fme/Draped_Terrain_OBJ.fmw=}} --Tile_Name {${=(BOS_G_4)=}} --tiled_datasets_folder {${=F:\current_work\projects\metro_3d\metro3d_terrain\output=}}'
2022-06-01 12:12:16|   0.9|  0.0|INFORM|WorkspaceRunner: Running FME with command line - `{"C:/Program Files/FME_2020/fme"} COMMAND_FILE {"C:/Users/pbcote/AppData/Local/Temp/wbrun_1654098415618_28524/fmetmp_5/wsr_cm_1654099934937_28000"} &'
2022-06-01 12:12:16|   0.9|  0.0|INFORM|WorkspaceRunner: Successfully initiated batch run of workspace `F:/current_work/projects/metro_3d/metro3d_terrain/tools/fme/Draped_Terrain_OBJ.fmw'
2022-06-01 12:12:16|   0.9|  0.0|INFORM|WorkspaceRunner_Summary: Feature is:
2022-06-01 12:12:16|   0.9|  0.0|INFORM|+++++++++++++++++++++++++++++++++++++++++++++++++++++++++++++++++++++++++++
2022-06-01 12:12:16|   0.9|  0.0|INFORM|Feature Type: `WorkspaceRunner_Summary_LOGGED'
2022-06-01 12:12:16|   0.9|  0.0|INFORM|Attribute(string)           : `_dirname' has value `.'
2022-06-01 12:12:16|   0.9|  0.0|INFORM|Attribute(string)           : `_dirpath' has value `'
2022-06-01 12:12:16|   0.9|  0.0|INFORM|Attribute(string)           : `_extension' has value `'
2022-06-01 12:12:16|   0.9|  0.0|INFORM|Attribute(string)           : `_filename' has value `BOS_G_4_GIS'
2022-06-01 12:12:16|   0.9|  0.0|INFORM|Attribute(string)           : `_rootname' has value `BOS_G_4_GIS'
2022-06-01 12:12:16|   0.9|  0.0|INFORM|Attribute(string)           : `fme_feature_type' has value `PATH'
2022-06-01 12:12:16|   0.9|  0.0|INFORM|Attribute(string)           : `fme_geometry' has value `fme_undefined'
2022-06-01 12:12:16|   0.9|  0.0|INFORM|Attribute(entangled: string): `fme_type' has value `fme_no_geom'
2022-06-01 12:12:16|   0.9|  0.0|INFORM|          entangled to path_geom
2022-06-01 12:12:16|   0.9|  0.0|INFORM|Attribute(string)           : `folder' has value `.'
2022-06-01 12:12:16|   0.9|  0.0|INFORM|Attribute(32 bit integer)   : `multi_reader_full_id' has value `0'
2022-06-01 12:12:16|   0.9|  0.0|INFORM|Attribute(32 bit integer)   : `multi_reader_id' has value `0'
2022-06-01 12:12:16|   0.9|  0.0|INFORM|Attribute(string)           : `multi_reader_keyword' has value `PATH_1'
2022-06-01 12:12:16|   0.9|  0.0|INFORM|Attribute(string)           : `multi_reader_type' has value `PATH'
2022-06-01 12:12:16|   0.9|  0.0|INFORM|Attribute(string)           : `path_directory_unix' has value `F:/current_work/projects/metro_3d/metro3d_terrain/output/tiled_gis/'
2022-06-01 12:12:16|   0.9|  0.0|INFORM|Attribute(string)           : `path_directory_windows' has value `F:\current_work\projects\metro_3d\metro3d_terrain\output\tiled_gis\'
2022-06-01 12:12:16|   0.9|  0.0|INFORM|Attribute(string)           : `path_extension' has value `'
2022-06-01 12:12:16|   0.9|  0.0|INFORM|Attribute(string)           : `path_filename' has value `BOS_G_4_GIS'
2022-06-01 12:12:16|   0.9|  0.0|INFORM|Attribute(string)           : `path_geom' has value `path_none'
2022-06-01 12:12:16|   0.9|  0.0|INFORM|Attribute(string)           : `path_rootname' has value `BOS_G_4_GIS'
2022-06-01 12:12:16|   0.9|  0.0|INFORM|Attribute(string)           : `path_type' has value `directory'
2022-06-01 12:12:16|   0.9|  0.0|INFORM|Attribute(string)           : `path_unix' has value `F:/current_work/projects/metro_3d/metro3d_terrain/output/tiled_gis/BOS_G_4_GIS'
2022-06-01 12:12:16|   0.9|  0.0|INFORM|Attribute(string)           : `path_windows' has value `F:\current_work\projects\metro_3d\metro3d_terrain\output\tiled_gis\BOS_G_4_GIS'
2022-06-01 12:12:16|   0.9|  0.0|INFORM|Attribute(encoded: UTF-8)   : `tile_name' has value `(BOS_G_4)'
2022-06-01 12:12:16|   0.9|  0.0|INFORM|Geometry Type: Unknown (0)
2022-06-01 12:12:16|   0.9|  0.0|INFORM|Number of Coordinates: 0 -- Coordinate System: `'
2022-06-01 12:12:16|   0.9|  0.0|INFORM|===========================================================================
2022-06-01 12:12:16|   0.9|  0.0|INFORM|WorkspaceRunner: Command to run - `{${=F:/current_work/projects/metro_3d/metro3d_terrain/tools/fme/Draped_Terrain_OBJ.fmw=}} --Tile_Name {${=(BOS_H_3)=}} --tiled_datasets_folder {${=F:\current_work\projects\metro_3d\metro3d_terrain\output=}}'
2022-06-01 12:12:17|   1.0|  0.1|INFORM|WorkspaceRunner: Running FME with command line - `{"C:/Program Files/FME_2020/fme"} COMMAND_FILE {"C:/Users/pbcote/AppData/Local/Temp/wbrun_1654098415618_28524/fmetmp_5/wsr_cm_1654099936044_28000"} &'
2022-06-01 12:12:17|   1.0|  0.0|INFORM|WorkspaceRunner: Successfully initiated batch run of workspace `F:/current_work/projects/metro_3d/metro3d_terrain/tools/fme/Draped_Terrain_OBJ.fmw'
2022-06-01 12:12:17|   1.0|  0.0|INFORM|WorkspaceRunner_Summary: Feature is:
2022-06-01 12:12:17|   1.0|  0.0|INFORM|+++++++++++++++++++++++++++++++++++++++++++++++++++++++++++++++++++++++++++
2022-06-01 12:12:17|   1.0|  0.0|INFORM|Feature Type: `WorkspaceRunner_Summary_LOGGED'
2022-06-01 12:12:17|   1.0|  0.0|INFORM|Attribute(string)           : `_dirname' has value `.'
2022-06-01 12:12:17|   1.0|  0.0|INFORM|Attribute(string)           : `_dirpath' has value `'
2022-06-01 12:12:17|   1.0|  0.0|INFORM|Attribute(string)           : `_extension' has value `'
2022-06-01 12:12:17|   1.0|  0.0|INFORM|Attribute(string)           : `_filename' has value `BOS_H_3_GIS'
2022-06-01 12:12:17|   1.0|  0.0|INFORM|Attribute(string)           : `_rootname' has value `BOS_H_3_GIS'
2022-06-01 12:12:17|   1.0|  0.0|INFORM|Attribute(string)           : `fme_feature_type' has value `PATH'
2022-06-01 12:12:17|   1.0|  0.0|INFORM|Attribute(string)           : `fme_geometry' has value `fme_undefined'
2022-06-01 12:12:17|   1.0|  0.0|INFORM|Attribute(entangled: string): `fme_type' has value `fme_no_geom'
2022-06-01 12:12:17|   1.0|  0.0|INFORM|          entangled to path_geom
2022-06-01 12:12:17|   1.0|  0.0|INFORM|Attribute(string)           : `folder' has value `.'
2022-06-01 12:12:17|   1.0|  0.0|INFORM|Attribute(32 bit integer)   : `multi_reader_full_id' has value `0'
2022-06-01 12:12:17|   1.0|  0.0|INFORM|Attribute(32 bit integer)   : `multi_reader_id' has value `0'
2022-06-01 12:12:17|   1.0|  0.0|INFORM|Attribute(string)           : `multi_reader_keyword' has value `PATH_1'
2022-06-01 12:12:17|   1.0|  0.0|INFORM|Attribute(string)           : `multi_reader_type' has value `PATH'
2022-06-01 12:12:17|   1.0|  0.0|INFORM|Attribute(string)           : `path_directory_unix' has value `F:/current_work/projects/metro_3d/metro3d_terrain/output/tiled_gis/'
2022-06-01 12:12:17|   1.0|  0.0|INFORM|Attribute(string)           : `path_directory_windows' has value `F:\current_work\projects\metro_3d\metro3d_terrain\output\tiled_gis\'
2022-06-01 12:12:17|   1.0|  0.0|INFORM|Attribute(string)           : `path_extension' has value `'
2022-06-01 12:12:17|   1.0|  0.0|INFORM|Attribute(string)           : `path_filename' has value `BOS_H_3_GIS'
2022-06-01 12:12:17|   1.0|  0.0|INFORM|Attribute(string)           : `path_geom' has value `path_none'
2022-06-01 12:12:17|   1.0|  0.0|INFORM|Attribute(string)           : `path_rootname' has value `BOS_H_3_GIS'
2022-06-01 12:12:17|   1.0|  0.0|INFORM|Attribute(string)           : `path_type' has value `directory'
2022-06-01 12:12:17|   1.0|  0.0|INFORM|Attribute(string)           : `path_unix' has value `F:/current_work/projects/metro_3d/metro3d_terrain/output/tiled_gis/BOS_H_3_GIS'
2022-06-01 12:12:17|   1.0|  0.0|INFORM|Attribute(string)           : `path_windows' has value `F:\current_work\projects\metro_3d\metro3d_terrain\output\tiled_gis\BOS_H_3_GIS'
2022-06-01 12:12:17|   1.0|  0.0|INFORM|Attribute(encoded: UTF-8)   : `tile_name' has value `(BOS_H_3)'
2022-06-01 12:12:17|   1.0|  0.0|INFORM|Geometry Type: Unknown (0)
2022-06-01 12:12:17|   1.0|  0.0|INFORM|Number of Coordinates: 0 -- Coordinate System: `'
2022-06-01 12:12:17|   1.0|  0.0|INFORM|===========================================================================
2022-06-01 12:12:17|   1.0|  0.0|INFORM|WorkspaceRunner: Command to run - `{${=F:/current_work/projects/metro_3d/metro3d_terrain/tools/fme/Draped_Terrain_OBJ.fmw=}} --Tile_Name {${=(BOS_H_4)=}} --tiled_datasets_folder {${=F:\current_work\projects\metro_3d\metro3d_terrain\output=}}'
2022-06-01 12:12:18|   1.1|  0.1|INFORM|WorkspaceRunner: Running FME with command line - `{"C:/Program Files/FME_2020/fme"} COMMAND_FILE {"C:/Users/pbcote/AppData/Local/Temp/wbrun_1654098415618_28524/fmetmp_5/wsr_cm_1654099937155_28000"} &'
2022-06-01 12:12:18|   1.1|  0.0|INFORM|WorkspaceRunner: Successfully initiated batch run of workspace `F:/current_work/projects/metro_3d/metro3d_terrain/tools/fme/Draped_Terrain_OBJ.fmw'
2022-06-01 12:12:18|   1.1|  0.0|INFORM|WorkspaceRunner_Summary: Feature is:
2022-06-01 12:12:18|   1.1|  0.0|INFORM|+++++++++++++++++++++++++++++++++++++++++++++++++++++++++++++++++++++++++++
2022-06-01 12:12:18|   1.1|  0.0|INFORM|Feature Type: `WorkspaceRunner_Summary_LOGGED'
2022-06-01 12:12:18|   1.1|  0.0|INFORM|Attribute(string)           : `_dirname' has value `.'
2022-06-01 12:12:18|   1.1|  0.0|INFORM|Attribute(string)           : `_dirpath' has value `'
2022-06-01 12:12:18|   1.1|  0.0|INFORM|Attribute(string)           : `_extension' has value `'
2022-06-01 12:12:18|   1.1|  0.0|INFORM|Attribute(string)           : `_filename' has value `BOS_H_4_GIS'
2022-06-01 12:12:18|   1.1|  0.0|INFORM|Attribute(string)           : `_rootname' has value `BOS_H_4_GIS'
2022-06-01 12:12:18|   1.1|  0.0|INFORM|Attribute(string)           : `fme_feature_type' has value `PATH'
2022-06-01 12:12:18|   1.1|  0.0|INFORM|Attribute(string)           : `fme_geometry' has value `fme_undefined'
2022-06-01 12:12:18|   1.1|  0.0|INFORM|Attribute(entangled: string): `fme_type' has value `fme_no_geom'
2022-06-01 12:12:18|   1.1|  0.0|INFORM|          entangled to path_geom
2022-06-01 12:12:18|   1.1|  0.0|INFORM|Attribute(string)           : `folder' has value `.'
2022-06-01 12:12:18|   1.1|  0.0|INFORM|Attribute(32 bit integer)   : `multi_reader_full_id' has value `0'
2022-06-01 12:12:18|   1.1|  0.0|INFORM|Attribute(32 bit integer)   : `multi_reader_id' has value `0'
2022-06-01 12:12:18|   1.1|  0.0|INFORM|Attribute(string)           : `multi_reader_keyword' has value `PATH_1'
2022-06-01 12:12:18|   1.1|  0.0|INFORM|Attribute(string)           : `multi_reader_type' has value `PATH'
2022-06-01 12:12:18|   1.1|  0.0|INFORM|Attribute(string)           : `path_directory_unix' has value `F:/current_work/projects/metro_3d/metro3d_terrain/output/tiled_gis/'
2022-06-01 12:12:18|   1.1|  0.0|INFORM|Attribute(string)           : `path_directory_windows' has value `F:\current_work\projects\metro_3d\metro3d_terrain\output\tiled_gis\'
2022-06-01 12:12:18|   1.1|  0.0|INFORM|Attribute(string)           : `path_extension' has value `'
2022-06-01 12:12:18|   1.1|  0.0|INFORM|Attribute(string)           : `path_filename' has value `BOS_H_4_GIS'
2022-06-01 12:12:18|   1.1|  0.0|INFORM|Attribute(string)           : `path_geom' has value `path_none'
2022-06-01 12:12:18|   1.1|  0.0|INFORM|Attribute(string)           : `path_rootname' has value `BOS_H_4_GIS'
2022-06-01 12:12:18|   1.1|  0.0|INFORM|Attribute(string)           : `path_type' has value `directory'
2022-06-01 12:12:18|   1.1|  0.0|INFORM|Attribute(string)           : `path_unix' has value `F:/current_work/projects/metro_3d/metro3d_terrain/output/tiled_gis/BOS_H_4_GIS'
2022-06-01 12:12:18|   1.1|  0.0|INFORM|Attribute(string)           : `path_windows' has value `F:\current_work\projects\metro_3d\metro3d_terrain\output\tiled_gis\BOS_H_4_GIS'
2022-06-01 12:12:18|   1.1|  0.0|INFORM|Attribute(encoded: UTF-8)   : `tile_name' has value `(BOS_H_4)'
2022-06-01 12:12:18|   1.1|  0.0|INFORM|Geometry Type: Unknown (0)
2022-06-01 12:12:18|   1.1|  0.0|INFORM|Number of Coordinates: 0 -- Coordinate System: `'
2022-06-01 12:12:18|   1.1|  0.0|INFORM|===========================================================================
2022-06-01 12:12:18|   1.1|  0.0|INFORM|Path Reader: Closing the PATH Reader
2022-06-01 12:12:18|   1.1|  0.0|INFORM|MULTI_READER(MULTI_READER): Done reading 4 features from 1 readers
2022-06-01 12:12:18|   1.1|  0.0|INFORM|Emptying factory pipeline
2022-06-01 12:12:18|   1.1|  0.0|STATS |Router and Unexpected Input Remover (RoutingFactory): Tested 4 input feature(s), wrote 4 output feature(s): 4 matched merge filters, 4 were routed to output, 0 could not be routed.
2022-06-01 12:12:18|   1.1|  0.0|STATS |Unexpected Input Remover Nuker (TeeFactory): Cloned 0 input feature(s) into 0 output feature(s)
2022-06-01 12:12:18|   1.1|  0.0|STATS |PATH_PATH_1 Splitter (TeeFactory): Cloned 4 input feature(s) into 4 output feature(s)
2022-06-01 12:12:18|   1.1|  0.0|STATS |PATH_PATH_1 Feature Counter -1 13 (TeeFactory): Cloned 4 input feature(s) into 4 output feature(s)
2022-06-01 12:12:18|   1.1|  0.0|STATS |FilenamePartExtractor (TeeFactory): Cloned 4 input feature(s) into 4 output feature(s)
2022-06-01 12:12:18|   1.1|  0.0|STATS |FilenamePartExtractor_OUTPUT Feature Counter -1 15 (TeeFactory): Cloned 4 input feature(s) into 4 output feature(s)
2022-06-01 12:12:18|   1.1|  0.0|STATS |AttributeCreator_OUTPUT Feature Counter -1 18 (TeeFactory): Cloned 4 input feature(s) into 4 output feature(s)
2022-06-01 12:12:18|   1.1|  0.0|STATS |WorkspaceRunner_ExecutorAndRouter (TestFactory): Tested 4 input feature(s) -- 4 feature(s) passed and 0 feature(s) failed
2022-06-01 12:12:18|   1.1|  0.0|INFORM|WorkspaceRunner_Summary: Feature is:
2022-06-01 12:12:18|   1.1|  0.0|INFORM|+++++++++++++++++++++++++++++++++++++++++++++++++++++++++++++++++++++++++++
2022-06-01 12:12:18|   1.1|  0.0|INFORM|Feature Type: `WorkspaceRunner_Summary_LOGGED'
2022-06-01 12:12:18|   1.1|  0.0|INFORM|Attribute(encoded: UTF-8): `_proc_count' has value `4'
2022-06-01 12:12:18|   1.1|  0.0|INFORM|Attribute(encoded: UTF-8): `_processes{0}' has value `24360'
2022-06-01 12:12:18|   1.1|  0.0|INFORM|Attribute(encoded: UTF-8): `_processes{1}' has value `18732'
2022-06-01 12:12:18|   1.1|  0.0|INFORM|Attribute(encoded: UTF-8): `_processes{2}' has value `25440'
2022-06-01 12:12:18|   1.1|  0.0|INFORM|Attribute(encoded: UTF-8): `_processes{3}' has value `3508'
2022-06-01 12:12:18|   1.1|  0.0|INFORM|Attribute(string)        : `fme_type' has value `fme_no_geom'
2022-06-01 12:12:18|   1.1|  0.0|INFORM|Geometry Type: Unknown (0)
2022-06-01 12:12:18|   1.1|  0.0|INFORM|Number of Coordinates: 0 -- Coordinate System: `'
2022-06-01 12:12:18|   1.1|  0.0|INFORM|===========================================================================
2022-06-01 12:12:18|   1.1|  0.0|STATS |WorkspaceRunner_SummaryMaker (CreationFactory): Created 1 features
2022-06-01 12:12:18|   1.1|  0.0|STATS |WorkspaceRunner_SUCCEEDED Feature Counter -1 14 (TeeFactory): Cloned 4 input feature(s) into 4 output feature(s)
2022-06-01 12:12:18|   1.1|  0.0|STATS |WorkspaceRunner_FAILED Feature Counter -1 9 (TeeFactory): Cloned 0 input feature(s) into 0 output feature(s)
2022-06-01 12:12:18|   1.1|  0.0|STATS |WorkspaceRunner_SUMMARY Feature Counter -1 7 (TeeFactory): Cloned 1 input feature(s) into 1 output feature(s)
2022-06-01 12:12:18|   1.1|  0.0|STATS |WorkspaceRunner_Failed_Logger (TeeFactory): Cloned 0 input feature(s) into 0 output feature(s)
2022-06-01 12:12:18|   1.1|  0.0|STATS |WorkspaceRunner_Failed LOGGED Transformer Output Nuker (TeeFactory): Cloned 0 input feature(s) into 0 output feature(s)
2022-06-01 12:12:18|   1.1|  0.0|STATS |WorkspaceRunner_Summary_Logger (TeeFactory): Cloned 5 input feature(s) into 5 output feature(s)
2022-06-01 12:12:18|   1.1|  0.0|STATS |WorkspaceRunner_Summary LOGGED Transformer Output Nuker (TeeFactory): Cloned 5 input feature(s) into 0 output feature(s)
2022-06-01 12:12:18|   1.1|  0.0|STATS |Destination Feature Type Routing Correlator (RoutingFactory): Tested 0 input feature(s), wrote 0 output feature(s): 0 matched merge filters, 0 were routed to output, 0 could not be routed.
2022-06-01 12:12:18|   1.1|  0.0|STATS |Final Output Nuker (TeeFactory): Cloned 0 input feature(s) into 0 output feature(s)
2022-06-01 12:12:18|   1.1|  0.0|STATS |=-=-=-=-=-=-=-=-=-=-=-=-=-=-=-=-=-=-=-=-=-=-=-=-=-=-=-=-=-=-=-=-=-=-=-=-=-=-=-
2022-06-01 12:12:18|   1.1|  0.0|STATS |                            Features Read Summary
2022-06-01 12:12:18|   1.1|  0.0|STATS |=-=-=-=-=-=-=-=-=-=-=-=-=-=-=-=-=-=-=-=-=-=-=-=-=-=-=-=-=-=-=-=-=-=-=-=-=-=-=-
2022-06-01 12:12:18|   1.1|  0.0|STATS |PATH                                                                         4
2022-06-01 12:12:18|   1.1|  0.0|STATS |==============================================================================
2022-06-01 12:12:18|   1.1|  0.0|STATS |Total Features Read                                                          4
2022-06-01 12:12:18|   1.1|  0.0|STATS |=-=-=-=-=-=-=-=-=-=-=-=-=-=-=-=-=-=-=-=-=-=-=-=-=-=-=-=-=-=-=-=-=-=-=-=-=-=-=-
2022-06-01 12:12:18|   1.1|  0.0|STATS |=-=-=-=-=-=-=-=-=-=-=-=-=-=-=-=-=-=-=-=-=-=-=-=-=-=-=-=-=-=-=-=-=-=-=-=-=-=-=-
2022-06-01 12:12:18|   1.1|  0.0|STATS |                           Features Written Summary
2022-06-01 12:12:18|   1.1|  0.0|STATS |=-=-=-=-=-=-=-=-=-=-=-=-=-=-=-=-=-=-=-=-=-=-=-=-=-=-=-=-=-=-=-=-=-=-=-=-=-=-=-
2022-06-01 12:12:18|   1.1|  0.0|STATS |==============================================================================
2022-06-01 12:12:18|   1.1|  0.0|STATS |Total Features Written                                                       0
2022-06-01 12:12:18|   1.1|  0.0|STATS |=-=-=-=-=-=-=-=-=-=-=-=-=-=-=-=-=-=-=-=-=-=-=-=-=-=-=-=-=-=-=-=-=-=-=-=-=-=-=-
2022-06-01 12:12:18|   1.1|  0.0|INFORM|Translation was SUCCESSFUL with 0 warning(s) (0 feature(s) output)
2022-06-01 12:12:18|   1.1|  0.0|INFORM|FME Session Duration: 5.2 seconds. (CPU: 0.2s user, 0.3s system)
2022-06-01 12:12:18|   1.1|  0.0|INFORM|END - ProcessID: 28000, peak process memory usage: 49888 kB, current process memory usage: 48616 kB
