2022-06-29 04:13:45|   0.0|  0.0|INFORM|FME 2020.2.2.0 (20210111 - Build 20817 - WIN64)
2022-06-29 04:13:45|   0.0|  0.0|INFORM|FME_HOME is 'C:\Program Files\FME_2020\'
2022-06-29 04:13:45|   0.0|  0.0|INFORM|FME ArcGIS Data Interop Edition (node locked-crc)
2022-06-29 04:13:45|   0.0|  0.0|INFORM|Serial Number: CUB8-CJ9J-16A3
2022-06-29 04:13:45|   0.0|  0.0|INFORM|Permanent License.
2022-06-29 04:13:45|   0.0|  0.0|INFORM|Machine host name is: DESKTOP-B8NSRQR
2022-06-29 04:13:45|   0.0|  0.0|INFORM|START - ProcessID: 3648, peak process memory usage: 38284 kB, current process memory usage: 38176 kB
2022-06-29 04:13:45|   0.0|  0.0|INFORM|FME Configuration: Command line arguments are `C:\Program Files\FME_2020\fme.exe' `F:/current_work/projects/metro_3d/citySchema-cityTiler/tools/fme\wb-xlate-1656490421972_15056' `LOG_STANDARDOUT' `YES' `LogCountServerName' `{0dca67b1-2755-4423-8d90-50afeb2e6731}'
2022-06-29 04:13:45|   0.0|  0.0|INFORM|FME Configuration: Connection Storage: 'C:\Users\pbcote\AppData\Roaming\Safe Software\FME\'
2022-06-29 04:13:45|   0.6|  0.5|INFORM|Shared folders for formats are : C:\Program Files\FME_2020\datasources;C:\Users\pbcote\Documents\FME\Formats
2022-06-29 04:13:45|   0.6|  0.0|INFORM|Shared folders for transformers are : C:\Users\pbcote\AppData\Roaming\Safe Software\FME\Packages\20817-win64\transformers;C:\Program Files\FME_2020\transformers;C:\Users\pbcote\AppData\Roaming\Safe Software\FME\FME Store\Transformers
2022-06-29 04:13:45|   0.6|  0.0|INFORM|Shared folders for coordinate systems are : C:\Users\pbcote\Documents\FME\CoordinateSystems
2022-06-29 04:13:45|   0.6|  0.0|INFORM|Shared folders for coordinate system exceptions are : C:\Users\pbcote\Documents\FME\CoordinateSystemExceptions
2022-06-29 04:13:45|   0.6|  0.0|INFORM|Shared folders for coordinate system grid overrides are : C:\Users\pbcote\Documents\FME\CoordinateSystemGridOverrides
2022-06-29 04:13:45|   0.6|  0.0|INFORM|Shared folders for CS-MAP transformation exceptions are : C:\Users\pbcote\Documents\FME\CsmapTransformationExceptions
2022-06-29 04:13:45|   0.6|  0.0|INFORM|Shared folders for transformer categories are : C:\Users\pbcote\Documents\FME\TransformerCategories
2022-06-29 04:13:45|   0.6|  0.0|INFORM|FME Configuration: Reader Keyword is `MULTI_READER'
2022-06-29 04:13:45|   0.6|  0.0|INFORM|FME Configuration: Writer Keyword is `MULTI_WRITER'
2022-06-29 04:13:45|   0.6|  0.0|INFORM|FME Configuration: Writer Group Definition Keyword is `MULTI_WRITER_DEF'
2022-06-29 04:13:45|   0.6|  0.0|INFORM|FME Configuration: Reader type is `MULTI_READER'
2022-06-29 04:13:45|   0.6|  0.0|INFORM|FME Configuration: Writer type is `MULTI_WRITER'
2022-06-29 04:13:45|   0.6|  0.0|INFORM|FME Configuration: No destination coordinate system set
2022-06-29 04:13:45|   0.6|  0.0|INFORM|FME Configuration: Current working folder is `F:\current_work\projects\metro_3d\citySchema-cityTiler\tools\fme'
2022-06-29 04:13:45|   0.6|  0.0|INFORM|FME Configuration: Temporary folder is `C:\Users\pbcote\AppData\Local\Temp\wbrun_1656490316306_15056\fmetmp_1', set from environment variable `FME_TEMP'
2022-06-29 04:13:45|   0.6|  0.0|INFORM|FME Configuration: FME_HOME is `C:\Program Files\FME_2020\'
2022-06-29 04:13:45|   0.6|  0.0|INFORM|FME Configuration: FME_BASE is 'no'
2022-06-29 04:13:45|   0.6|  0.0|INFORM|FME Configuration: FME_MF_DIR is 'F:\current_work\projects\metro_3d\citySchema-cityTiler\tools\fme/'
2022-06-29 04:13:45|   0.6|  0.0|INFORM|FME Configuration: FME_MF_NAME is 'Draped_Terrain_OBJ.fmw'
2022-06-29 04:13:45|   0.6|  0.0|INFORM|FME Configuration: FME_PRODUCT_NAME is 'FME(R) 2020.2.2.0'
2022-06-29 04:13:45|   0.6|  0.0|INFORM|System Status: 550.70 GB of disk space available in the FME temporary folder (C:\Users\pbcote\AppData\Local\Temp\wbrun_1656490316306_15056\fmetmp_1)
2022-06-29 04:13:45|   0.6|  0.0|INFORM|System Status: 23.90 GB of physical memory available
2022-06-29 04:13:45|   0.6|  0.0|INFORM|System Status: 95.62 GB of virtual memory available
2022-06-29 04:13:45|   0.6|  0.0|INFORM|Operating System: Microsoft Windows 10 64-bit  (Build 19041)
2022-06-29 04:13:45|   0.6|  0.0|INFORM|FME Platform: WIN64
2022-06-29 04:13:45|   0.6|  0.0|INFORM|Locale: en_US
2022-06-29 04:13:45|   0.6|  0.0|INFORM|System Encoding: windows-1252
2022-06-29 04:13:45|   0.6|  0.0|INFORM|FME Configuration: Start freeing memory when the process exceeds 71.71 GB
2022-06-29 04:13:45|   0.6|  0.0|INFORM|FME Configuration: Stop freeing memory when the process is below 53.79 GB
2022-06-29 04:13:45|   0.7|  0.0|INFORM|Creating writer for format: 
2022-06-29 04:13:45|   0.7|  0.0|INFORM|Creating reader for format: 
2022-06-29 04:13:45|   0.7|  0.0|INFORM|MULTI_READER(MULTI_READER): Will fail with first member reader failure
2022-06-29 04:13:45|   0.7|  0.0|INFORM|MULTI_READER(MULTI_READER): Adding JPEG Reader with keyword JPEG_1
2022-06-29 04:13:45|   0.7|  0.0|INFORM|MULTI_READER(MULTI_READER): Adding SHAPEFILE Reader with keyword SHAPEFILE_1
2022-06-29 04:13:45|   0.7|  0.0|INFORM|Using Multi Reader with keyword `MULTI_READER' to read multiple datasets
2022-06-29 04:13:45|   0.7|  0.1|INFORM|Creating reader for format: JPEG (Joint Photographic Experts Group)
2022-06-29 04:13:45|   0.7|  0.0|INFORM|Trying to find a DYNAMIC plugin for reader named `JPEG'
2022-06-29 04:13:45|   0.8|  0.0|INFORM|Loaded module 'JPEG' from file 'C:\Program Files\FME_2020\plugins/gdal/GDAL.dll'
2022-06-29 04:13:45|   0.8|  0.0|INFORM|FME API version of module 'JPEG' matches current internal version (3.8 20200115)
2022-06-29 04:13:45|   0.8|  0.0|INFORM|JPEG reader: Opening file 'F:\current_work\projects\metro_3d\citySchema-cityTiler\Cty3D_RepoCat\Context_Groundplan_JPG\BOS_H_3_Context_Groundplan.jpg'
2022-06-29 04:13:46|   0.9|  0.1|INFORM|Using MultiWriter with keyword `MULTI_WRITER' to output data (ID_ATTRIBUTE is `multi_writer_id')
2022-06-29 04:13:46|   0.9|  0.0|INFORM|Writer output will be ordered by value of multi_writer_id
2022-06-29 04:13:46|   0.9|  0.0|INFORM|Loaded module 'LogCount_func' from file 'C:\Program Files\FME_2020\plugins/LogCount_func.dll'
2022-06-29 04:13:46|   0.9|  0.0|INFORM|FME API version of module 'LogCount_func' matches current internal version (3.8 20200115)
2022-06-29 04:13:46|   0.9|  0.0|INFORM|Loaded module 'InspectorFactory' from file 'C:\Program Files\FME_2020\plugins/InspectorFactory.dll'
2022-06-29 04:13:46|   0.9|  0.0|INFORM|FME API version of module 'InspectorFactory' matches current internal version (3.8 20200115)
2022-06-29 04:13:46|   0.9|  0.0|INFORM|Loaded module 'GQueryFactory' from file 'C:\Program Files\FME_2020\plugins/GQueryFactory.dll'
2022-06-29 04:13:46|   0.9|  0.0|INFORM|FME API version of module 'GQueryFactory' matches current internal version (3.8 20200115)
2022-06-29 04:13:46|   0.9|  0.0|INFORM|Loaded module 'SharedObjectFactory' from file 'C:\Program Files\FME_2020\plugins/SharedObjectFactory.dll'
2022-06-29 04:13:46|   0.9|  0.0|INFORM|FME API version of module 'SharedObjectFactory' matches current internal version (3.8 20200115)
2022-06-29 04:13:46|   0.9|  0.0|INFORM|FME API version of module 'GQueryFactory' matches current internal version (3.8 20200115)
2022-06-29 04:13:46|   0.9|  0.0|INFORM|FME API version of module 'InspectorFactory' matches current internal version (3.8 20200115)
2022-06-29 04:13:46|   0.9|  0.0|INFORM|Loaded module 'TransformPointCloud_func' from file 'C:\Program Files\FME_2020\plugins/TransformPointCloud_func.dll'
2022-06-29 04:13:46|   0.9|  0.0|INFORM|FME API version of module 'TransformPointCloud_func' matches current internal version (3.8 20200115)
2022-06-29 04:13:46|   0.9|  0.0|INFORM|JPEG reader: Directive '_APPLY_GCPS' has the value 'NO'
2022-06-29 04:13:46|   1.0|  0.1|INFORM|The OGC definition of the FME coordinate system '_FME_0' is 'COMPD_CS["unknown",PROJCS["Bos_MaSP_USFt_Shift",GEOGCS["NAD83",DATUM["North_American_Datum_1983",SPHEROID["GRS 1980",6378137,298.257222101,AUTHORITY["EPSG","7019"]],AUTHORITY["EPSG","6269"]],PRIMEM["Greenwich",0,AUTHORITY["EPSG","8901"]],UNIT["degree",0.0174532925199433,AUTHORITY["EPSG","9122"]],AUTHORITY["EPSG","4269"]],PROJECTION["Lambert_Conformal_Conic_2SP"],PARAMETER["false_easting",-74933.33333333],PARAMETER["false_northing",-442275],PARAMETER["central_meridian",-71.5],PARAMETER["standard_parallel_1",41.7166666666667],PARAMETER["standard_parallel_2",42.6833333333333],PARAMETER["Scale_Factor",1],PARAMETER["latitude_of_origin",41],UNIT["US survey foot",0.304800609601219,AUTHORITY["EPSG","9003"]],AXIS["Easting",EAST],AXIS["Northing",NORTH]]]'
2022-06-29 04:13:46|   1.0|  0.0|INFORM|Successfully read world file 'F:\current_work\projects\metro_3d\citySchema-cityTiler\Cty3D_RepoCat\Context_Groundplan_JPG\BOS_H_3_Context_Groundplan.jgw'
2022-06-29 04:13:46|   1.0|  0.0|INFORM|FME Configuration: Source coordinate system for reader JPEG_1[JPEG] set to `_FME_0' as read from input data
2022-06-29 04:13:46|   1.0|  0.0|INFORM|Coordinate System `_FME_0' parameters: CS_NAME=`_FME_0' DESC_NM=`unknown' DT_NAME=`NAD83' ORG_LAT=`41' ORG_LNG=`-71.5' PARM1=`41.7166666666667' PARM2=`42.6833333333333' PROJ=`LM' QUAD=`1' UNIT=`METER' X_OFF=`-74933.33333333' Y_OFF=`-442275'
2022-06-29 04:13:46|   1.1|  0.1|INFORM|Creating reader for format: Esri Shapefile
2022-06-29 04:13:46|   1.1|  0.0|INFORM|Trying to find a DYNAMIC plugin for reader named `SHAPEFILE'
2022-06-29 04:13:46|   1.1|  0.0|INFORM|Loaded module 'SHAPEFILE' from file 'C:\Program Files\FME_2020\plugins/shapefile_dbase.dll'
2022-06-29 04:13:46|   1.1|  0.0|INFORM|FME API version of module 'SHAPEFILE' matches current internal version (3.8 20200115)
2022-06-29 04:13:47|   1.3|  0.2|INFORM|Predefined coordinate system `MA83F' (NAD83 Massachusetts State Planes, Mainland Zone, US Foot) matches dataset coordinate system 
2022-06-29 04:13:47|   1.3|  0.0|INFORM|The OGC definition of the FME coordinate system '_MA83F_0' is 'PROJCS["NAD_1983_StatePlane_Massachusetts_Mainland_FIPS_2001_Feet",GEOGCS["GCS_North_American_1983",DATUM["D_North_American_1983",SPHEROID["GRS_1980",6378137.0,298.257222101]],PRIMEM["Greenwich",0.0],UNIT["Degree",0.0174532925199433]],PROJECTION["Lambert_Conformal_Conic"],PARAMETER["False_Easting",656166.6666666665],PARAMETER["False_Northing",2460625.0],PARAMETER["Central_Meridian",-71.5],PARAMETER["Standard_Parallel_1",41.71666666666667],PARAMETER["Standard_Parallel_2",42.68333333333333],PARAMETER["Latitude_Of_Origin",41.0],UNIT["Foot_US",0.3048006096012192]],VERTCS["NAVD88_height_(ftUS)",VDATUM["North_American_Vertical_Datum_1988"],PARAMETER["Vertical_Shift",0.0],PARAMETER["Direction",1.0],UNIT["Foot_US",0.3048006096012192]]'
2022-06-29 04:13:47|   1.4|  0.0|INFORM|Shapefile reader: Reading dataset with encoding 'UTF-8' as determined by 'Codepage File'
2022-06-29 04:13:47|   1.5|  0.1|INFORM|FME Configuration: Source coordinate system for reader SHAPEFILE_1[SHAPEFILE] set to `_MA83F_0' as read from input data
2022-06-29 04:13:47|   1.5|  0.0|INFORM|Coordinate System `_MA83F_0' parameters: CS_NAME=`_MA83F_0' DESC_NM=`NAD83 Massachusetts State Planes, Mainland Zone, US Foot' DT_NAME=`NAD83' EPSG_QD=`1' ESRI_WKT=`PROJCS["NAD_1983_StatePlane_Massachusetts_Mainland_FIPS_2001_Feet",GEOGCS["GCS_North_American_1983",DATUM["D_North_American_1983",SPHEROID["GRS_1980",6378137.0,298.257222101]],PRIMEM["Greenwich",0.0],UNIT["Degree",0.0174532925199433]],PROJECTION["Lambert_Conformal_Conic"],PARAMETER["False_Easting",656166.6666666665],PARAMETER["False_Northing",2460625.0],PARAMETER["Central_Meridian",-71.5],PARAMETER["Standard_Parallel_1",41.71666666666667],PARAMETER["Standard_Parallel_2",42.68333333333333],PARAMETER["Latitude_Of_Origin",41.0],UNIT["Foot_US",0.3048006096012192]],VERTCS["NAVD88_height_(ftUS)",VDATUM["North_American_Vertical_Datum_1988"],PARAMETER["Vertical_Shift",0.0],PARAMETER["Direction",1.0],UNIT["Foot_US",0.3048006096012192]]' GROUP=`SPCS83F' MAP_SCL=`1' MAX_LAT=`43.03333333333333' MAX_LNG=`-69.4' MIN_LAT=`41.31666666666667' MIN_LNG=`-73.95' ORG_LAT=`41' ORG_LNG=`-71.5' PARM1=`42.68333333333333' PARM2=`41.71666666666666' PROJ=`LM' QUAD=`1' SCL_RED=`1' SOURCE=`Calculated from MA83 by Mentor Software' UNIT=`FOOT' X_OFF=`656166.6666666666' Y_OFF=`2460625'
2022-06-29 04:13:48|   2.0|  0.5|INFORM|FaceReplacer_FaceCreator: Splitting bulk mode features into features
2022-06-29 04:13:53|   6.5|  4.5|INFORM|FaceReplacer_FaceCreator(@GeometryType): Processed 2339 features
2022-06-29 04:13:58|  11.5|  5.0|INFORM|FaceReplacer_FaceCreator(@GeometryType): Processed 5199 features
2022-06-29 04:14:03|  16.5|  5.0|INFORM|FaceReplacer_FaceCreator(@GeometryType): Processed 8064 features
2022-06-29 04:14:08|  21.4|  5.0|INFORM|FaceReplacer_FaceCreator(@GeometryType): Processed 10729 features
2022-06-29 04:14:13|  26.5|  5.0|INFORM|FaceReplacer_FaceCreator(@GeometryType): Processed 13592 features
2022-06-29 04:14:18|  31.5|  5.0|INFORM|FaceReplacer_FaceCreator(@GeometryType): Processed 16402 features
2022-06-29 04:14:23|  36.5|  5.0|INFORM|FaceReplacer_FaceCreator(@GeometryType): Processed 19188 features
2022-06-29 04:14:28|  41.5|  5.0|INFORM|FaceReplacer_FaceCreator(@GeometryType): Processed 21831 features
2022-06-29 04:14:33|  46.5|  5.0|INFORM|FaceReplacer_FaceCreator(@GeometryType): Processed 24615 features
2022-06-29 04:14:38|  51.5|  5.0|INFORM|FaceReplacer_FaceCreator(@GeometryType): Processed 27419 features
2022-06-29 04:14:43|  56.4|  4.9|INFORM|FaceReplacer_FaceCreator(@GeometryType): Processed 30006 features
2022-06-29 04:14:48|  61.4|  5.0|INFORM|FaceReplacer_FaceCreator(@GeometryType): Processed 32768 features
2022-06-29 04:14:53|  66.4|  5.0|INFORM|FaceReplacer_FaceCreator(@GeometryType): Processed 35559 features
2022-06-29 04:14:58|  71.4|  5.0|INFORM|FaceReplacer_FaceCreator(@GeometryType): Processed 38343 features
2022-06-29 04:15:03|  76.4|  5.0|INFORM|FaceReplacer_FaceCreator(@GeometryType): Processed 40843 features
2022-06-29 04:15:08|  81.4|  5.0|INFORM|FaceReplacer_FaceCreator(@GeometryType): Processed 43625 features
2022-06-29 04:15:13|  86.4|  5.0|INFORM|FaceReplacer_FaceCreator(@GeometryType): Processed 46356 features
2022-06-29 04:15:18|  91.4|  5.0|INFORM|FaceReplacer_FaceCreator(@GeometryType): Processed 48895 features
2022-06-29 04:15:23|  96.3|  4.9|INFORM|FaceReplacer_FaceCreator(@GeometryType): Processed 51254 features
2022-06-29 04:15:28| 101.3|  5.0|INFORM|FaceReplacer_FaceCreator(@GeometryType): Processed 53753 features
2022-06-29 04:15:33| 106.3|  5.0|INFORM|FaceReplacer_FaceCreator(@GeometryType): Processed 56369 features
2022-06-29 04:15:38| 111.3|  5.0|INFORM|FaceReplacer_FaceCreator(@GeometryType): Processed 59036 features
2022-06-29 04:15:43| 116.3|  5.0|INFORM|FaceReplacer_FaceCreator(@GeometryType): Processed 61640 features
2022-06-29 04:15:48| 121.3|  5.0|INFORM|FaceReplacer_FaceCreator(@GeometryType): Processed 64332 features
2022-06-29 04:15:53| 126.3|  5.0|INFORM|FaceReplacer_FaceCreator(@GeometryType): Processed 67095 features
2022-06-29 04:15:58| 131.3|  5.0|INFORM|FaceReplacer_FaceCreator(@GeometryType): Processed 69877 features
2022-06-29 04:16:03| 136.2|  4.9|INFORM|FaceReplacer_FaceCreator(@GeometryType): Processed 72366 features
2022-06-29 04:16:08| 141.2|  5.0|INFORM|FaceReplacer_FaceCreator(@GeometryType): Processed 74658 features
2022-06-29 04:16:13| 146.2|  5.0|INFORM|FaceReplacer_FaceCreator(@GeometryType): Processed 77420 features
2022-06-29 04:16:18| 151.2|  5.0|INFORM|FaceReplacer_FaceCreator(@GeometryType): Processed 80042 features
2022-06-29 04:16:23| 156.3|  5.0|INFORM|FaceReplacer_FaceCreator(@GeometryType): Processed 82802 features
2022-06-29 04:16:28| 161.3|  5.0|INFORM|FaceReplacer_FaceCreator(@GeometryType): Processed 85570 features
2022-06-29 04:16:33| 166.3|  5.0|INFORM|FaceReplacer_FaceCreator(@GeometryType): Processed 88323 features
2022-06-29 04:16:38| 171.2|  4.9|INFORM|FaceReplacer_FaceCreator(@GeometryType): Processed 90885 features
2022-06-29 04:16:43| 176.2|  5.0|INFORM|FaceReplacer_FaceCreator(@GeometryType): Processed 93651 features
2022-06-29 04:16:48| 181.2|  5.0|INFORM|FaceReplacer_FaceCreator(@GeometryType): Processed 96420 features
2022-06-29 04:16:53| 186.2|  5.0|INFORM|FaceReplacer_FaceCreator(@GeometryType): Processed 99164 features
2022-06-29 04:16:58| 191.2|  5.0|INFORM|FaceReplacer_FaceCreator(@GeometryType): Processed 101775 features
2022-06-29 04:17:03| 196.2|  5.0|INFORM|FaceReplacer_FaceCreator(@GeometryType): Processed 104530 features
2022-06-29 04:17:08| 201.2|  5.0|INFORM|FaceReplacer_FaceCreator(@GeometryType): Processed 107311 features
2022-06-29 04:17:13| 205.8|  4.6|INFORM|FaceReplacer_FaceCreator(@GeometryType): Processed 109748 features
2022-06-29 04:17:18| 210.7|  4.9|INFORM|FaceReplacer_FaceCreator(@GeometryType): Processed 112253 features
2022-06-29 04:17:23| 215.7|  5.0|INFORM|FaceReplacer_FaceCreator(@GeometryType): Processed 114934 features
2022-06-29 04:17:28| 220.8|  5.0|INFORM|FaceReplacer_FaceCreator(@GeometryType): Processed 117601 features
2022-06-29 04:17:33| 225.8|  5.0|INFORM|FaceReplacer_FaceCreator(@GeometryType): Processed 120085 features
2022-06-29 04:17:38| 230.8|  5.0|INFORM|FaceReplacer_FaceCreator(@GeometryType): Processed 122809 features
2022-06-29 04:17:43| 235.8|  5.0|INFORM|FaceReplacer_FaceCreator(@GeometryType): Processed 125546 features
2022-06-29 04:17:48| 240.8|  5.0|INFORM|FaceReplacer_FaceCreator(@GeometryType): Processed 128264 features
2022-06-29 04:17:53| 245.7|  4.9|INFORM|FaceReplacer_FaceCreator(@GeometryType): Processed 130855 features
2022-06-29 04:17:58| 250.7|  5.0|INFORM|FaceReplacer_FaceCreator(@GeometryType): Processed 133620 features
2022-06-29 04:18:03| 255.7|  5.0|INFORM|FaceReplacer_FaceCreator(@GeometryType): Processed 136396 features
2022-06-29 04:18:08| 260.7|  5.0|INFORM|FaceReplacer_FaceCreator(@GeometryType): Processed 139184 features
2022-06-29 04:18:13| 265.7|  5.0|INFORM|FaceReplacer_FaceCreator(@GeometryType): Processed 141788 features
2022-06-29 04:18:18| 270.8|  5.0|INFORM|FaceReplacer_FaceCreator(@GeometryType): Processed 144549 features
2022-06-29 04:18:23| 275.7|  5.0|INFORM|FaceReplacer_FaceCreator(@GeometryType): Processed 147242 features
2022-06-29 04:18:28| 280.8|  5.0|INFORM|FaceReplacer_FaceCreator(@GeometryType): Processed 149980 features
2022-06-29 04:18:33| 285.7|  5.0|INFORM|FaceReplacer_FaceCreator(@GeometryType): Processed 152521 features
2022-06-29 04:18:38| 290.7|  5.0|INFORM|FaceReplacer_FaceCreator(@GeometryType): Processed 155129 features
2022-06-29 04:18:43| 295.7|  5.0|INFORM|FaceReplacer_FaceCreator(@GeometryType): Processed 157799 features
2022-06-29 04:18:48| 300.6|  4.9|INFORM|FaceReplacer_FaceCreator(@GeometryType): Processed 160247 features
2022-06-29 04:18:53| 305.6|  5.0|INFORM|FaceReplacer_FaceCreator(@GeometryType): Processed 162985 features
2022-06-29 04:18:58| 310.6|  5.0|INFORM|FaceReplacer_FaceCreator(@GeometryType): Processed 165752 features
2022-06-29 04:19:03| 315.6|  5.0|INFORM|FaceReplacer_FaceCreator(@GeometryType): Processed 168517 features
2022-06-29 04:19:08| 320.7|  5.0|INFORM|FaceReplacer_FaceCreator(@GeometryType): Processed 171141 features
2022-06-29 04:19:13| 325.6|  5.0|INFORM|FaceReplacer_FaceCreator(@GeometryType): Processed 173826 features
2022-06-29 04:19:18| 330.6|  5.0|INFORM|FaceReplacer_FaceCreator(@GeometryType): Processed 176460 features
2022-06-29 04:19:23| 335.6|  5.0|INFORM|FaceReplacer_FaceCreator(@GeometryType): Processed 179153 features
2022-06-29 04:19:28| 340.6|  5.0|INFORM|FaceReplacer_FaceCreator(@GeometryType): Processed 181860 features
2022-06-29 04:19:33| 345.6|  5.0|INFORM|FaceReplacer_FaceCreator(@GeometryType): Processed 184632 features
2022-06-29 04:19:38| 350.6|  5.0|INFORM|FaceReplacer_FaceCreator(@GeometryType): Processed 187394 features
2022-06-29 04:19:40| 353.5|  2.9|INFORM|MULTI_READER(MULTI_READER): Done reading 188979 features from 2 readers
2022-06-29 04:19:40| 353.5|  0.0|INFORM|Emptying factory pipeline
2022-06-29 04:19:40| 353.5|  0.0|STATS |Router and Unexpected Input Remover (RoutingFactory): Tested 188979 input feature(s), wrote 188979 output feature(s): 188979 matched merge filters, 188979 were routed to output, 0 could not be routed.
2022-06-29 04:19:40| 353.5|  0.0|STATS |Unexpected Input Remover Nuker (TeeFactory): Cloned 0 input feature(s) into 0 output feature(s)
2022-06-29 04:19:40| 353.5|  0.0|STATS |JPEG_JPEG_1 Splitter (TeeFactory): Cloned 1 input feature(s) into 1 output feature(s)
2022-06-29 04:19:40| 353.5|  0.0|STATS |JPEG_JPEG_1 Feature Counter -1 32 (TeeFactory): Cloned 1 input feature(s) into 1 output feature(s)
2022-06-29 04:19:40| 353.5|  0.0|STATS |TinTriangle_SHAPEFILE_1 Splitter (TeeFactory): Cloned 188978 input feature(s) into 188978 output feature(s)
2022-06-29 04:19:40| 353.5|  0.0|STATS |TinTriangle_SHAPEFILE_1 Feature Counter -1 29 (TeeFactory): Cloned 188978 input feature(s) into 188978 output feature(s)
2022-06-29 04:19:40| 353.5|  0.0|STATS |FaceReplacer_FaceCreator (TeeFactory): Cloned 188978 input feature(s) into 188978 output feature(s)
2022-06-29 04:19:40| 353.5|  0.0|STATS |FaceReplacer_Rejector (TestFactory): Tested 188978 input feature(s) -- 0 feature(s) passed and 188978 feature(s) failed
2022-06-29 04:19:40| 353.5|  0.0|STATS |FaceReplacer_OUTPUT Feature Counter -1 36 (TeeFactory): Cloned 188978 input feature(s) into 188978 output feature(s)
2022-06-29 04:19:40| 353.5|  0.0|STATS |FaceReplacer_<REJECTED> Feature Counter -1 31 (TeeFactory): Cloned 0 input feature(s) into 0 output feature(s)
2022-06-29 04:19:40| 353.5|  0.0|STATS |GeometryCoercer_COERCED Feature Counter -1 39 (TeeFactory): Cloned 188978 input feature(s) into 188978 output feature(s)
2022-06-29 04:19:59| 372.3| 18.8|INFORM|MULTI_WRITER: Output will be zipped
2022-06-29 04:19:59| 372.3|  0.0|INFORM|Creating writer for format: OBJ 
2022-06-29 04:19:59| 372.3|  0.0|INFORM|Trying to find a DYNAMIC plugin for writer named `OBJ'
2022-06-29 04:19:59| 372.3|  0.0|INFORM|Loaded module 'OBJ' from file 'C:\Program Files\FME_2020\plugins/obj/obj.dll'
2022-06-29 04:19:59| 372.3|  0.0|INFORM|FME API version of module 'OBJ' matches current internal version (3.8 20200115)
2022-06-29 04:19:59| 372.3|  0.0|INFORM|FME Configuration: No destination coordinate system set
2022-06-29 04:19:59| 372.3|  0.0|INFORM|FME API version of module 'OBJ' matches current internal version (3.8 20200115)
2022-06-29 04:19:59| 372.3|  0.0|INFORM|Writer `OBJ_1' of type `OBJ' using group definition keyword `OBJ_1_DEF'
2022-06-29 04:19:59| 372.3|  0.0|INFORM|FME API version of module 'OBJ' matches current internal version (3.8 20200115)
2022-06-29 04:19:59| 372.3|  0.0|INFORM|OBJ Writer: Opening File Writer on dataset: 'C:\Users\pbcote\AppData\Local\Temp\wbrun_1656490316306_15056\fmetmp_1\_auto_zip_dataset_1656490799677_3648'
2022-06-29 04:19:59| 372.3|  0.0|INFORM|OBJ Writer: Reverse Face Order: 'No'
2022-06-29 04:19:59| 372.3|  0.0|INFORM|OBJ Writer: Triangulate Faces: 'Yes'
2022-06-29 04:19:59| 372.3|  0.0|INFORM|OBJ Writer: Write Points and Lines: 'No'
2022-06-29 04:19:59| 372.3|  0.0|INFORM|OBJ Writer: Write FME Version to OBJ file: 'Yes'
2022-06-29 04:19:59| 372.3|  0.0|INFORM|OBJ Writer: Write Mesh Vertex Colors: 'Yes'
2022-06-29 04:19:59| 372.3|  0.0|INFORM|FME Configuration: Destination coordinate system set to input coordinate system `_MA83F_0'
2022-06-29 04:20:04| 376.5|  4.2|INFORM|OBJ Writer: 154000 geometry elements processed
2022-06-29 04:20:05| 377.6|  1.1|STATS |Storing feature(s) to FME feature store file `C:\Users\pbcote\AppData\Local\Temp\wb-inspectors-TlEJTI\inspector.ffs'
2022-06-29 04:20:05| 378.2|  0.6|STATS |Aggregator (AggregateFactory): Combined 0 input feature(s) into 1 output feature(s), including 0 singleton(s)
2022-06-29 04:20:05| 378.2|  0.0|STATS |Aggregator_AGGREGATE Feature Counter -1 37 (TeeFactory): Cloned 1 input feature(s) into 1 output feature(s)
2022-06-29 04:20:05| 378.2|  0.0|STATS |AppearanceSetter_HOLDER (SortFactory): Output 0 feature(s) without doing any sorting
2022-06-29 04:20:05| 378.2|  0.0|STATS |AppearanceSetter_ColorStyle_Creator (CreationFactory): Created 1 features
2022-06-29 04:20:05| 378.2|  0.0|STATS |AppearanceSetter_Apply_ColorStyle (TeeFactory): Cloned 1 input feature(s) into 1 output feature(s)
2022-06-29 04:20:05| 378.2|  0.0|STATS |AppearanceSetter_uOriginOffsetRejector (TestFactory): Tested 1 input feature(s) -- 1 feature(s) passed and 0 feature(s) failed
2022-06-29 04:20:05| 378.2|  0.0|STATS |AppearanceSetter_vOriginOffsetRejector (TestFactory): Tested 1 input feature(s) -- 1 feature(s) passed and 0 feature(s) failed
2022-06-29 04:20:05| 378.2|  0.0|STATS |AppearanceSetter__textureuRepeatFactorRejector__ (TestFactory): Tested 1 input feature(s) -- 1 feature(s) passed and 0 feature(s) failed
2022-06-29 04:20:05| 378.2|  0.0|STATS |AppearanceSetter__texturevRepeatFactorRejector__ (TestFactory): Tested 1 input feature(s) -- 1 feature(s) passed and 0 feature(s) failed
2022-06-29 04:20:05| 378.2|  0.0|STATS |AppearanceSetter OUTPUT Splitter (TeeFactory): Cloned 1 input feature(s) into 2 output feature(s)
2022-06-29 04:20:05| 378.2|  0.0|STATS |AppearanceSetter_OUTPUT_0_ymWgJcuEqrQ= Feature Counter -1 20 (TeeFactory): Cloned 1 input feature(s) into 1 output feature(s)
2022-06-29 04:20:05| 378.2|  0.0|STATS |AppearanceSetter_OUTPUT_1_G2YKOgFYuFY= Feature Counter -1 34 (TeeFactory): Cloned 1 input feature(s) into 1 output feature(s)
2022-06-29 04:20:05| 378.2|  0.0|STATS |AppearanceSetter_<REJECTED> Feature Counter -1 2147811338 (TeeFactory): Cloned 0 input feature(s) into 0 output feature(s)
2022-06-29 04:20:05| 378.2|  0.0|STATS |Offsetter_OffsetterInput (TeeFactory): Cloned 1 input feature(s) into 1 output feature(s)
2022-06-29 04:20:05| 378.2|  0.0|STATS |Offsetter_Offsetter (TeeFactory): Cloned 1 input feature(s) into 1 output feature(s)
2022-06-29 04:20:05| 378.2|  0.0|STATS |Offsetter_Rejector (TestFactory): Tested 1 input feature(s) -- 0 feature(s) passed and 1 feature(s) failed
2022-06-29 04:20:05| 378.2|  0.0|STATS |Offsetter_PointCloudOffsetter (TestFactory): Tested 1 input feature(s) -- 0 feature(s) passed and 1 feature(s) failed
2022-06-29 04:20:05| 378.2|  0.0|STATS |Offsetter OFFSET Splitter (TeeFactory): Cloned 1 input feature(s) into 2 output feature(s)
2022-06-29 04:20:06| 378.8|  0.6|STATS |Stored 1 feature(s) to FME feature store file `C:\Users\pbcote\AppData\Local\Temp\wb-inspectors-TlEJTI\inspector.ffs'
2022-06-29 04:20:06| 378.8|  0.0|INFORM|Saving spatial index into file 'C:\Users\pbcote\AppData\Local\Temp\wb-inspectors-TlEJTI\inspector.fsi'
2022-06-29 04:20:06| 378.8|  0.0|INFORM|Finished saving spatial index into file 'C:\Users\pbcote\AppData\Local\Temp\wb-inspectors-TlEJTI\inspector.fsi'
2022-06-29 04:20:06| 378.8|  0.0|STATS |Offsetter_OFFSET_0_W5NRx4Ntgk0= Feature Counter -1 21 (TeeFactory): Cloned 1 input feature(s) into 1 output feature(s)
2022-06-29 04:20:06| 378.8|  0.0|STATS |Offsetter_OFFSET_1_wI9Izqc5xFA= Feature Counter -1 22 (TeeFactory): Cloned 1 input feature(s) into 1 output feature(s)
2022-06-29 04:20:06| 378.8|  0.0|STATS |Offsetter_<REJECTED> Feature Counter -1 2147680275 (TeeFactory): Cloned 0 input feature(s) into 0 output feature(s)
2022-06-29 04:20:06| 378.8|  0.0|STATS |3DRotator (Disabled) Nuker (TeeFactory): Cloned 1 input feature(s) into 0 output feature(s)
2022-06-29 04:20:06| 378.8|  0.0|STATS |Destination Feature Type Routing Correlator (RoutingFactory): Tested 1 input feature(s), wrote 1 output feature(s): 0 matched merge filters, 1 were routed to output, 0 could not be routed.
2022-06-29 04:20:06| 378.8|  0.0|STATS |Final Output Nuker (TeeFactory): Cloned 0 input feature(s) into 0 output feature(s)
2022-06-29 04:20:06| 378.8|  0.0|STATS |VisualizerProcessor (CreationFactory): Created 1 features
2022-06-29 04:20:06| 378.8|  0.0|STATS |VisualizerCleaner (TeeFactory): Cloned 1 input feature(s) into 0 output feature(s)
2022-06-29 04:20:06| 378.8|  0.0|INFORM|OBJ Writer: Material Library File: 'C:\Users\pbcote\AppData\Local\Temp\wbrun_1656490316306_15056\fmetmp_1\_auto_zip_dataset_1656490799677_3648\materials.mtl'
2022-06-29 04:20:08| 381.1|  2.4|INFORM|OBJ Writer: Closing File Writer
2022-06-29 04:20:08| 381.1|  0.0|INFORM|=-=-=-=-=-=-=-=-=-=-=-=-=-=-=-=-=-=-=-=-=-=-=-=-=-=-=-=-=-=-=-=-=-=-=-=-=-=-=-
2022-06-29 04:20:08| 381.1|  0.0|INFORM|Feature output statistics for `OBJ' writer using keyword `OBJ_1':
2022-06-29 04:20:08| 381.1|  0.0|STATS |=-=-=-=-=-=-=-=-=-=-=-=-=-=-=-=-=-=-=-=-=-=-=-=-=-=-=-=-=-=-=-=-=-=-=-=-=-=-=-
2022-06-29 04:20:08| 381.1|  0.0|STATS |                               Features Written
2022-06-29 04:20:08| 381.1|  0.0|STATS |=-=-=-=-=-=-=-=-=-=-=-=-=-=-=-=-=-=-=-=-=-=-=-=-=-=-=-=-=-=-=-=-=-=-=-=-=-=-=-
2022-06-29 04:20:08| 381.1|  0.0|STATS |BOS_H_3_Terrain_2011                                                         1
2022-06-29 04:20:08| 381.1|  0.0|STATS |==============================================================================
2022-06-29 04:20:08| 381.1|  0.0|STATS |Total Features Written                                                       1
2022-06-29 04:20:08| 381.1|  0.0|STATS |=-=-=-=-=-=-=-=-=-=-=-=-=-=-=-=-=-=-=-=-=-=-=-=-=-=-=-=-=-=-=-=-=-=-=-=-=-=-=-
2022-06-29 04:20:08| 381.1|  0.0|INFORM|MULTI_WRITER: multi_writer_id `OBJ_1': Zipping contents of temporary dataset `C:\Users\pbcote\AppData\Local\Temp\wbrun_1656490316306_15056\fmetmp_1\_auto_zip_dataset_1656490799677_3648' into output zip file `F:\current_work\projects\metro_3d\citySchema-cityTiler\Cty3D_RepoCat\Bos3d_TerrainMesh_2011_OBJ\BOS_H_3_Terrain_2011_OBJ.zip'
2022-06-29 04:20:09| 382.1|  1.0|INFORM|MULTI_WRITER: multi_writer_id `OBJ_1': Finished updating output zip file `F:\current_work\projects\metro_3d\citySchema-cityTiler\Cty3D_RepoCat\Bos3d_TerrainMesh_2011_OBJ\BOS_H_3_Terrain_2011_OBJ.zip'
2022-06-29 04:20:09| 382.1|  0.0|STATS |=-=-=-=-=-=-=-=-=-=-=-=-=-=-=-=-=-=-=-=-=-=-=-=-=-=-=-=-=-=-=-=-=-=-=-=-=-=-=-
2022-06-29 04:20:09| 382.1|  0.0|STATS |                            Features Read Summary
2022-06-29 04:20:09| 382.1|  0.0|STATS |=-=-=-=-=-=-=-=-=-=-=-=-=-=-=-=-=-=-=-=-=-=-=-=-=-=-=-=-=-=-=-=-=-=-=-=-=-=-=-
2022-06-29 04:20:09| 382.1|  0.0|STATS |JPEG                                                                         1
2022-06-29 04:20:09| 382.1|  0.0|STATS |TinTriangle                                                             188978
2022-06-29 04:20:09| 382.1|  0.0|STATS |==============================================================================
2022-06-29 04:20:09| 382.1|  0.0|STATS |Total Features Read                                                     188979
2022-06-29 04:20:09| 382.1|  0.0|STATS |=-=-=-=-=-=-=-=-=-=-=-=-=-=-=-=-=-=-=-=-=-=-=-=-=-=-=-=-=-=-=-=-=-=-=-=-=-=-=-
2022-06-29 04:20:09| 382.1|  0.0|STATS |=-=-=-=-=-=-=-=-=-=-=-=-=-=-=-=-=-=-=-=-=-=-=-=-=-=-=-=-=-=-=-=-=-=-=-=-=-=-=-
2022-06-29 04:20:09| 382.1|  0.0|STATS |                           Features Written Summary
2022-06-29 04:20:09| 382.1|  0.0|STATS |=-=-=-=-=-=-=-=-=-=-=-=-=-=-=-=-=-=-=-=-=-=-=-=-=-=-=-=-=-=-=-=-=-=-=-=-=-=-=-
2022-06-29 04:20:09| 382.1|  0.0|STATS |BOS_H_3_Terrain_2011                                                         1
2022-06-29 04:20:09| 382.1|  0.0|STATS |==============================================================================
2022-06-29 04:20:09| 382.1|  0.0|STATS |Total Features Written                                                       1
2022-06-29 04:20:09| 382.1|  0.0|STATS |=-=-=-=-=-=-=-=-=-=-=-=-=-=-=-=-=-=-=-=-=-=-=-=-=-=-=-=-=-=-=-=-=-=-=-=-=-=-=-
2022-06-29 04:20:09| 382.1|  0.0|INFORM|Translation was SUCCESSFUL with 0 warning(s) (1 feature(s) output)
2022-06-29 04:20:09| 382.1|  0.0|INFORM|FME Session Duration: 6 minutes 24.8 seconds. (CPU: 293.4s user, 88.2s system)
2022-06-29 04:20:09| 382.1|  0.0|INFORM|END - ProcessID: 3648, peak process memory usage: 828004 kB, current process memory usage: 127456 kB
